  ソース.cpp
C:\Users\cash2\source\repos\Shun200311\cardgame\ソース.cpp(24,34): warning C4244: '=': 'float' から 'int' への変換です。データが失われる可能性があります。
C:\Users\cash2\source\repos\Shun200311\cardgame\ソース.cpp(25,34): warning C4244: '=': 'float' から 'int' への変換です。データが失われる可能性があります。
C:\Users\cash2\source\repos\Shun200311\cardgame\ソース.cpp(26,29): warning C4244: '=': 'float' から 'int' への変換です。データが失われる可能性があります。
C:\Users\cash2\source\repos\Shun200311\cardgame\ソース.cpp(27,29): warning C4244: '=': 'float' から 'int' への変換です。データが失われる可能性があります。
C:\Users\cash2\source\repos\Shun200311\cardgame\ソース.cpp(45,34): warning C4244: '=': 'float' から 'int' への変換です。データが失われる可能性があります。
C:\Users\cash2\source\repos\Shun200311\cardgame\ソース.cpp(46,34): warning C4244: '=': 'float' から 'int' への変換です。データが失われる可能性があります。
C:\Users\cash2\source\repos\Shun200311\cardgame\ソース.cpp(47,29): warning C4244: '=': 'float' から 'int' への変換です。データが失われる可能性があります。
C:\Users\cash2\source\repos\Shun200311\cardgame\ソース.cpp(48,29): warning C4244: '=': 'float' から 'int' への変換です。データが失われる可能性があります。
C:\Users\cash2\source\repos\Shun200311\cardgame\ソース.cpp(60,34): warning C4244: '=': 'float' から 'int' への変換です。データが失われる可能性があります。
C:\Users\cash2\source\repos\Shun200311\cardgame\ソース.cpp(61,34): warning C4244: '=': 'float' から 'int' への変換です。データが失われる可能性があります。
C:\Users\cash2\source\repos\Shun200311\cardgame\ソース.cpp(81,28): warning C4244: '=': 'float' から 'int' への変換です。データが失われる可能性があります。
C:\Users\cash2\source\repos\Shun200311\cardgame\ソース.cpp(82,28): warning C4244: '=': 'float' から 'int' への変換です。データが失われる可能性があります。
C:\Users\cash2\source\repos\Shun200311\cardgame\ソース.cpp(89,33): warning C4244: '=': 'double' から 'int' への変換です。データが失われる可能性があります。
C:\Users\cash2\source\repos\Shun200311\cardgame\ソース.cpp(245,73): warning C4305: '引数': 'double' から 'float' へ切り詰めます。
C:\Users\cash2\source\repos\Shun200311\cardgame\ソース.cpp(246,74): warning C4305: '引数': 'double' から 'float' へ切り詰めます。
C:\Users\cash2\source\repos\Shun200311\cardgame\ソース.cpp(247,57): warning C4305: '引数': 'double' から 'float' へ切り詰めます。
C:\Users\cash2\source\repos\Shun200311\cardgame\ソース.cpp(248,57): warning C4305: '引数': 'double' から 'float' へ切り詰めます。
C:\Users\cash2\source\repos\Shun200311\cardgame\ソース.cpp(249,57): warning C4305: '引数': 'double' から 'float' へ切り詰めます。
C:\Users\cash2\source\repos\Shun200311\cardgame\ソース.cpp(250,57): warning C4305: '引数': 'double' から 'float' へ切り詰めます。
C:\Users\cash2\source\repos\Shun200311\cardgame\ソース.cpp(251,57): warning C4305: '引数': 'double' から 'float' へ切り詰めます。
C:\Users\cash2\source\repos\Shun200311\cardgame\ソース.cpp(252,57): warning C4305: '引数': 'double' から 'float' へ切り詰めます。
C:\Users\cash2\source\repos\Shun200311\cardgame\ソース.cpp(253,57): warning C4305: '引数': 'double' から 'float' へ切り詰めます。
C:\Users\cash2\source\repos\Shun200311\cardgame\ソース.cpp(254,76): warning C4305: '引数': 'double' から 'float' へ切り詰めます。
C:\Users\cash2\source\repos\Shun200311\cardgame\ソース.cpp(255,75): warning C4305: '引数': 'double' から 'float' へ切り詰めます。
C:\Users\cash2\source\repos\Shun200311\cardgame\ソース.cpp(256,51): warning C4305: '引数': 'double' から 'float' へ切り詰めます。
C:\Users\cash2\source\repos\Shun200311\cardgame\ソース.cpp(271,55): warning C4244: '引数': 'double' から 'int' への変換です。データが失われる可能性があります。
C:\Users\cash2\source\repos\Shun200311\cardgame\ソース.cpp(274,63): warning C4244: '引数': 'double' から 'int' への変換です。データが失われる可能性があります。
C:\Users\cash2\source\repos\Shun200311\cardgame\ソース.cpp(274,35): warning C4244: '引数': 'double' から 'int' への変換です。データが失われる可能性があります。
C:\Users\cash2\source\repos\Shun200311\cardgame\ソース.cpp(335,54): warning C4244: '引数': 'double' から 'int' への変換です。データが失われる可能性があります。
C:\Users\cash2\source\repos\Shun200311\cardgame\ソース.cpp(335,32): warning C4244: '引数': 'double' から 'int' への変換です。データが失われる可能性があります。
C:\Users\cash2\source\repos\Shun200311\cardgame\ソース.cpp(338,61): warning C4244: '引数': 'double' から 'int' への変換です。データが失われる可能性があります。
C:\Users\cash2\source\repos\Shun200311\cardgame\ソース.cpp(338,35): warning C4244: '引数': 'double' から 'int' への変換です。データが失われる可能性があります。
C:\Users\cash2\source\repos\Shun200311\cardgame\ソース.cpp(341,61): warning C4244: '引数': 'double' から 'int' への変換です。データが失われる可能性があります。
C:\Users\cash2\source\repos\Shun200311\cardgame\ソース.cpp(341,35): warning C4244: '引数': 'double' から 'int' への変換です。データが失われる可能性があります。
C:\Users\cash2\source\repos\Shun200311\cardgame\ソース.cpp(344,61): warning C4244: '引数': 'double' から 'int' への変換です。データが失われる可能性があります。
C:\Users\cash2\source\repos\Shun200311\cardgame\ソース.cpp(344,35): warning C4244: '引数': 'double' から 'int' への変換です。データが失われる可能性があります。
C:\Users\cash2\source\repos\Shun200311\cardgame\ソース.cpp(347,61): warning C4244: '引数': 'double' から 'int' への変換です。データが失われる可能性があります。
C:\Users\cash2\source\repos\Shun200311\cardgame\ソース.cpp(347,35): warning C4244: '引数': 'double' から 'int' への変換です。データが失われる可能性があります。
C:\Users\cash2\source\repos\Shun200311\cardgame\ソース.cpp(350,61): warning C4244: '引数': 'double' から 'int' への変換です。データが失われる可能性があります。
C:\Users\cash2\source\repos\Shun200311\cardgame\ソース.cpp(350,35): warning C4244: '引数': 'double' から 'int' への変換です。データが失われる可能性があります。
C:\Users\cash2\source\repos\Shun200311\cardgame\ソース.cpp(353,61): warning C4244: '引数': 'double' から 'int' への変換です。データが失われる可能性があります。
C:\Users\cash2\source\repos\Shun200311\cardgame\ソース.cpp(353,35): warning C4244: '引数': 'double' から 'int' への変換です。データが失われる可能性があります。
C:\Users\cash2\source\repos\Shun200311\cardgame\ソース.cpp(156,6): warning C4101: 'receive2': ローカル変数は 1 度も使われていません。
C:\Users\cash2\source\repos\Shun200311\cardgame\ソース.cpp(154,7): warning C4101: 'StrBuf': ローカル変数は 1 度も使われていません。
C:\Users\cash2\source\repos\Shun200311\cardgame\ソース.cpp(169,9): warning C4101: 'ip': ローカル変数は 1 度も使われていません。
C:\Users\cash2\source\repos\Shun200311\cardgame\ソース.cpp(171,6): warning C4101: 'DataLength': ローカル変数は 1 度も使われていません。
C:\Users\cash2\source\repos\Shun200311\cardgame\ソース.cpp(170,17): warning C4101: 'LostHandle': ローカル変数は 1 度も使われていません。
C:\Users\cash2\source\repos\Shun200311\cardgame\ソース.cpp(170,6): warning C4101: 'NetHandle': ローカル変数は 1 度も使われていません。
C:\Users\cash2\source\repos\Shun200311\cardgame\ソース.cpp(149): warning C4715: 'input': 値を返さないコントロール パスがあります。
  cardgame.vcxproj -> C:\Users\cash2\source\repos\Shun200311\cardgame\x64\Debug\cardgame.exe
